2023-01-13 [22:09:52] [Server thread/WARNING]: Xdebug extension is enabled. This has a major impact on performance.
2023-01-13 [22:09:52] [Server thread/WARNING]: ChunkUtils extension is missing. Anvil-format worlds will experience degraded performance.
2023-01-13 [22:14:14] [Server thread/INFO]: Loading pocketmine.yml...
2023-01-13 [22:14:14] [Server thread/INFO]: Loading server properties...
2023-01-13 [22:14:14] [Server thread/INFO]: Selected English (eng) as the base language
2023-01-13 [22:14:14] [Server thread/INFO]: Starting Minecraft: Bedrock Edition server version v1.18.0
2023-01-13 [22:14:14] [Server thread/INFO]: Starting remote control listener
2023-01-13 [22:14:14] [Server thread/INFO]: RCON running on 0.0.0.0:19132
2023-01-13 [22:14:14] [Server thread/INFO]: Online mode is enabled. The server will verify that players are authenticated to Xbox Live.
2023-01-13 [22:14:14] [Server thread/INFO]: Opening server on 0.0.0.0:19132
2023-01-13 [22:14:14] [Server thread/INFO]: This server is running PocketMine-MP version 3.26.5
2023-01-13 [22:14:14] [Server thread/INFO]: PocketMine-MP is distributed under the LGPL License
2023-01-13 [22:14:15] [Server thread/INFO]: Loading resource packs...
2023-01-13 [22:14:15] [Server thread/NOTICE]: World "world" not found
2023-01-13 [22:14:15] [Server thread/INFO]: Preparing world "world"
2023-01-13 [22:14:15] [Server thread/NOTICE]: Spawn terrain for world "world" is being generated in the background
2023-01-13 [22:14:15] [Server thread/INFO]: Starting GS4 status listener
2023-01-13 [22:14:15] [Server thread/INFO]: Setting query port to 19132
2023-01-13 [22:14:15] [Server thread/INFO]: Query running on 0.0.0.0:19132
2023-01-13 [22:14:15] [Server thread/INFO]: Default game type: Survival Mode
2023-01-13 [22:14:15] [Server thread/INFO]: If you find this project useful, please consider donating to support development: https://patreon.com/pocketminemp
2023-01-13 [22:14:15] [Server thread/INFO]: Done (0.725s)! For help, type "help" or "?"
2023-01-13 [22:14:15] [Server thread/WARNING]: ----- PocketMine-MP Auto Updater -----
2023-01-13 [22:14:15] [Server thread/WARNING]: Your version of PocketMine-MP is out of date. Version 4.12.8 was released on Mon Jan 9 12:05:05 2023
2023-01-13 [22:14:15] [Server thread/WARNING]: Details: https://github.com/pmmp/PocketMine-MP/releases/tag/4.12.8
2023-01-13 [22:14:15] [Server thread/WARNING]: Download: https://github.com/pmmp/PocketMine-MP/releases/download/4.12.8/PocketMine-MP.phar
2023-01-13 [22:14:15] [Server thread/WARNING]: ----- -------------------------- -----
2023-01-13 [22:15:01] [Server thread/INFO]: [Server] Assalamualaikum
